<?xml version="1.0" encoding="UTF-8"?>
<!-- Generated by org.testng.reporters.JUnitXMLReporter -->
<testsuite hostname="DESKTOP-L4V7S20" ignored="1" name="Default test" tests="2" failures="0" timestamp="02 Dec 2021 20:57:26 GMT" time="0.14" errors="0">
  <testcase name="tc11" time="0.027" classname="org.sampletestng.Aclass"/>
  <testcase name="tc33" time="0.007" classname="org.sampletestng.Aclass"/>
  <testcase name="tc22" time="0.0" classname="org.sampletestng.Aclass">
    <ignored/>
  </testcase> <!-- tc22 -->
</testsuite> <!-- Default test -->
