<?xml version="1.0" encoding="UTF-8"?>
<!-- Generated by org.testng.reporters.JUnitXMLReporter -->
<testsuite hostname="DESKTOP-L4V7S20" ignored="2" name="Test" tests="1" failures="0" timestamp="02 Dec 2021 21:09:30 GMT" time="0.144" errors="0">
  <testcase name="tc11" time="0.041" classname="org.sampletestng.Aclass"/>
  <testcase name="tc33" time="0.0" classname="org.sampletestng.Aclass">
    <ignored/>
  </testcase> <!-- tc33 -->
  <testcase name="tc22" time="0.0" classname="org.sampletestng.Aclass">
    <ignored/>
  </testcase> <!-- tc22 -->
</testsuite> <!-- Test -->
