<?xml version="1.0" encoding="UTF-8"?>
<!-- Generated by org.testng.reporters.JUnitXMLReporter -->
<testsuite hostname="DESKTOP-L4V7S20" ignored="2" name="Default test(failed)(failed)" tests="1" failures="1" timestamp="01 Dec 2021 23:22:38 GMT" time="16.648" errors="0">
  <testcase name="tc3" time="8.269" classname="org.sampletestng.SampleFbLogin">
    <failure type="java.lang.NullPointerException">
      <![CDATA[java.lang.NullPointerException
at org.utilities.BaseClass.getdata(BaseClass.java:259)
at org.sampletestng.SampleFbLogin.tc3(SampleFbLogin.java:79)
... Removed 25 stack frames]]>
    </failure>
  </testcase> <!-- tc3 -->
  <testcase name="tc2" time="0.0" classname="org.sampletestng.SampleFbLogin">
    <ignored/>
  </testcase> <!-- tc2 -->
  <testcase name="tc1" time="0.0" classname="org.sampletestng.SampleFbLogin">
    <ignored/>
  </testcase> <!-- tc1 -->
</testsuite> <!-- Default test(failed)(failed) -->
