<?xml version="1.0" encoding="UTF-8"?>
<!-- Generated by org.testng.reporters.JUnitXMLReporter -->
<testsuite hostname="DESKTOP-L4V7S20" ignored="2" name="Default test(failed)(failed)(failed)" tests="1" failures="0" timestamp="01 Dec 2021 23:23:53 GMT" time="17.77" errors="0">
  <testcase name="tc3" time="9.989" classname="org.sampletestng.SampleFbLogin"/>
  <testcase name="tc2" time="0.0" classname="org.sampletestng.SampleFbLogin">
    <ignored/>
  </testcase> <!-- tc2 -->
  <testcase name="tc1" time="0.0" classname="org.sampletestng.SampleFbLogin">
    <ignored/>
  </testcase> <!-- tc1 -->
</testsuite> <!-- Default test(failed)(failed)(failed) -->
