<?xml version="1.0" encoding="UTF-8"?>
<testng-results skipped="0" failed="0" ignored="2" total="3" passed="1">
  <reporter-output>
  </reporter-output>
  <suite name="Suite" duration-ms="144" started-at="2021-12-02T21:09:30Z" finished-at="2021-12-02T21:09:30Z">
    <groups>
      <group name="smoke,regression">
        <method signature="Aclass.tc11()[pri:0, instance:org.sampletestng.Aclass@4501b7af]" name="tc11" class="org.sampletestng.Aclass"/>
      </group> <!-- smoke,regression -->
    </groups>
    <test name="Test" duration-ms="144" started-at="2021-12-02T21:09:30Z" finished-at="2021-12-02T21:09:30Z">
      <class name="org.sampletestng.Aclass">
        <test-method status="PASS" signature="tc11()[pri:0, instance:org.sampletestng.Aclass@4501b7af]" name="tc11" duration-ms="41" started-at="2021-12-02T21:09:30Z" finished-at="2021-12-02T21:09:30Z">
          <reporter-output>
          </reporter-output>
        </test-method> <!-- tc11 -->
      </class> <!-- org.sampletestng.Aclass -->
    </test> <!-- Test -->
  </suite> <!-- Suite -->
</testng-results>
